<?xml version="1.0" encoding="UTF-8"?>
<!-- Generated by org.testng.reporters.JUnitReportReporter -->
<testsuite hostname="DESKTOP-P5D2VHN" name="testSuite.TestScenarios" tests="2" failures="0" timestamp="6 Jun 2019 19:27:32 GMT" time="24.573" errors="0">
  <testcase name="testCae1" time="13.278" classname="testSuite.TestScenarios"/>
  <testcase name="testCase2" time="11.295" classname="testSuite.TestScenarios"/>
</testsuite> <!-- testSuite.TestScenarios -->
